<?xml version="1.0" encoding="UTF-8"?>
<testng-results ignored="0" total="5" passed="4" failed="1" skipped="0">
  <reporter-output>
  </reporter-output>
  <suite started-at="2025-04-01T19:22:37 IST" name="Suite" finished-at="2025-04-01T19:23:41 IST" duration-ms="64472">
    <groups>
    </groups>
    <test started-at="2025-04-01T19:22:37 IST" name="ChromeTest" finished-at="2025-04-01T19:22:37 IST" duration-ms="16">
    </test> <!-- ChromeTest -->
    <test started-at="2025-04-01T19:22:37 IST" name="Test" finished-at="2025-04-01T19:23:41 IST" duration-ms="64393">
      <class name="test.TC_006PurchaseTest">
        <test-method is-config="true" signature="setup()[pri:0, instance:test.TC_006PurchaseTest@6a2f6f80]" started-at="2025-04-01T19:22:37 IST" name="setup" finished-at="2025-04-01T19:22:37 IST" duration-ms="0" status="PASS">
          <reporter-output>
          </reporter-output>
        </test-method> <!-- setup -->
        <test-method is-config="true" signature="testDetails()[pri:0, instance:test.TC_006PurchaseTest@6a2f6f80]" started-at="2025-04-01T19:23:11 IST" name="testDetails" finished-at="2025-04-01T19:23:11 IST" duration-ms="0" status="PASS">
          <reporter-output>
          </reporter-output>
        </test-method> <!-- testDetails -->
        <test-method is-config="true" signature="launchingBrowserandLoadingURL(java.lang.String,java.lang.String)[pri:0, instance:test.TC_006PurchaseTest@6a2f6f80]" started-at="2025-04-01T19:23:11 IST" name="launchingBrowserandLoadingURL" finished-at="2025-04-01T19:23:13 IST" duration-ms="2493" status="PASS">
          <params>
            <param index="0">
              <value>
                <![CDATA[https://www.demoblaze.com/]]>
              </value>
            </param>
            <param index="1">
              <value>
                <![CDATA[Chrome]]>
              </value>
            </param>
          </params>
          <reporter-output>
          </reporter-output>
        </test-method> <!-- launchingBrowserandLoadingURL -->
        <test-method signature="Purchase()[pri:0, instance:test.TC_006PurchaseTest@6a2f6f80]" started-at="2025-04-01T19:23:13 IST" name="Purchase" finished-at="2025-04-01T19:23:41 IST" duration-ms="27590" status="PASS">
          <reporter-output>
          </reporter-output>
        </test-method> <!-- Purchase -->
        <test-method is-config="true" signature="closeBrowser()[pri:0, instance:test.TC_006PurchaseTest@6a2f6f80]" started-at="2025-04-01T19:23:41 IST" name="closeBrowser" finished-at="2025-04-01T19:23:41 IST" duration-ms="252" status="PASS">
          <reporter-output>
          </reporter-output>
        </test-method> <!-- closeBrowser -->
      </class> <!-- test.TC_006PurchaseTest -->
      <class name="test.TC_001SignupTest">
        <test-method is-config="true" signature="reportIniatialization()[pri:0, instance:test.TC_001SignupTest@4e50c791]" started-at="2025-04-01T19:22:36 IST" name="reportIniatialization" finished-at="2025-04-01T19:22:37 IST" duration-ms="375" status="PASS">
          <reporter-output>
          </reporter-output>
        </test-method> <!-- reportIniatialization -->
        <test-method is-config="true" signature="setup()[pri:0, instance:test.TC_001SignupTest@4e50c791]" started-at="2025-04-01T19:22:37 IST" name="setup" finished-at="2025-04-01T19:22:37 IST" duration-ms="0" status="PASS">
          <reporter-output>
          </reporter-output>
        </test-method> <!-- setup -->
        <test-method is-config="true" signature="testDetails()[pri:0, instance:test.TC_001SignupTest@4e50c791]" started-at="2025-04-01T19:22:37 IST" name="testDetails" finished-at="2025-04-01T19:22:37 IST" duration-ms="13" status="PASS">
          <reporter-output>
          </reporter-output>
        </test-method> <!-- testDetails -->
        <test-method is-config="true" signature="launchingBrowserandLoadingURL(java.lang.String,java.lang.String)[pri:0, instance:test.TC_001SignupTest@4e50c791]" started-at="2025-04-01T19:22:37 IST" name="launchingBrowserandLoadingURL" finished-at="2025-04-01T19:22:40 IST" duration-ms="3386" status="PASS">
          <params>
            <param index="0">
              <value>
                <![CDATA[https://www.demoblaze.com/]]>
              </value>
            </param>
            <param index="1">
              <value>
                <![CDATA[Chrome]]>
              </value>
            </param>
          </params>
          <reporter-output>
          </reporter-output>
        </test-method> <!-- launchingBrowserandLoadingURL -->
        <test-method signature="SignupTest()[pri:0, instance:test.TC_001SignupTest@4e50c791]" started-at="2025-04-01T19:22:40 IST" name="SignupTest" finished-at="2025-04-01T19:22:41 IST" duration-ms="904" status="PASS">
          <reporter-output>
          </reporter-output>
        </test-method> <!-- SignupTest -->
        <test-method is-config="true" signature="closeBrowser()[pri:0, instance:test.TC_001SignupTest@4e50c791]" started-at="2025-04-01T19:22:41 IST" name="closeBrowser" finished-at="2025-04-01T19:22:41 IST" duration-ms="172" status="PASS">
          <reporter-output>
          </reporter-output>
        </test-method> <!-- closeBrowser -->
        <test-method is-config="true" signature="reportClose()[pri:0, instance:test.TC_001SignupTest@4e50c791]" started-at="2025-04-01T19:23:41 IST" name="reportClose" finished-at="2025-04-01T19:23:42 IST" duration-ms="839" status="PASS">
          <reporter-output>
          </reporter-output>
        </test-method> <!-- reportClose -->
      </class> <!-- test.TC_001SignupTest -->
      <class name="test.TC_005CartFunctionalityTest">
        <test-method is-config="true" signature="setup()[pri:0, instance:test.TC_005CartFunctionalityTest@75db5df9]" started-at="2025-04-01T19:22:37 IST" name="setup" finished-at="2025-04-01T19:22:37 IST" duration-ms="1" status="PASS">
          <reporter-output>
          </reporter-output>
        </test-method> <!-- setup -->
        <test-method is-config="true" signature="testDetails()[pri:0, instance:test.TC_005CartFunctionalityTest@75db5df9]" started-at="2025-04-01T19:22:41 IST" name="testDetails" finished-at="2025-04-01T19:22:41 IST" duration-ms="1" status="PASS">
          <reporter-output>
          </reporter-output>
        </test-method> <!-- testDetails -->
        <test-method signature="cartPage(java.lang.String,java.lang.String)[pri:0, instance:test.TC_005CartFunctionalityTest@75db5df9]" started-at="2025-04-01T19:22:41 IST" name="cartPage" finished-at="2025-04-01T19:22:41 IST" duration-ms="0" status="FAIL">
          <exception class="org.testng.TestNGException">
            <message>
              <![CDATA[
Cannot inject @Test annotated Method [cartPage] with [class java.lang.String, class java.lang.String].
For more information on native dependency injection please refer to https://testng.org/doc/documentation-main.html#native-dependency-injection]]>
            </message>
            <full-stacktrace>
              <![CDATA[org.testng.TestNGException: 
Cannot inject @Test annotated Method [cartPage] with [class java.lang.String, class java.lang.String].
For more information on native dependency injection please refer to https://testng.org/doc/documentation-main.html#native-dependency-injection
at org.testng.internal.Parameters.checkParameterTypes(Parameters.java:436)
at org.testng.internal.Parameters.createParametersForMethod(Parameters.java:350)
at org.testng.internal.Parameters.createParameters(Parameters.java:693)
at org.testng.internal.Parameters.handleParameters(Parameters.java:879)
at org.testng.internal.Parameters.handleParameters(Parameters.java:728)
at org.testng.internal.invokers.ParameterHandler.handleParameters(ParameterHandler.java:72)
at org.testng.internal.invokers.ParameterHandler.createParameters(ParameterHandler.java:51)
at org.testng.internal.invokers.TestInvoker$MethodInvocationAgent.invoke(TestInvoker.java:911)
at org.testng.internal.invokers.TestInvoker.invokeTestMethods(TestInvoker.java:200)
at org.testng.internal.invokers.TestMethodWorker.invokeTestMethods(TestMethodWorker.java:148)
at org.testng.internal.invokers.TestMethodWorker.run(TestMethodWorker.java:128)
at java.base/java.util.ArrayList.forEach(ArrayList.java:1596)
at org.testng.TestRunner.privateRun(TestRunner.java:848)
at org.testng.TestRunner.run(TestRunner.java:621)
at org.testng.SuiteRunner.runTest(SuiteRunner.java:443)
at org.testng.SuiteRunner.runSequentially(SuiteRunner.java:437)
at org.testng.SuiteRunner.privateRun(SuiteRunner.java:397)
at org.testng.SuiteRunner.run(SuiteRunner.java:336)
at org.testng.SuiteRunnerWorker.runSuite(SuiteRunnerWorker.java:52)
at org.testng.SuiteRunnerWorker.run(SuiteRunnerWorker.java:95)
at org.testng.TestNG.runSuitesSequentially(TestNG.java:1280)
at org.testng.TestNG.runSuitesLocally(TestNG.java:1200)
at org.testng.TestNG.runSuites(TestNG.java:1114)
at org.testng.TestNG.run(TestNG.java:1082)
at org.testng.remote.AbstractRemoteTestNG.run(AbstractRemoteTestNG.java:115)
at org.testng.remote.RemoteTestNG.initAndRun(RemoteTestNG.java:293)
at org.testng.remote.RemoteTestNG.main(RemoteTestNG.java:91)
]]>
            </full-stacktrace>
          </exception> <!-- org.testng.TestNGException -->
          <reporter-output>
          </reporter-output>
        </test-method> <!-- cartPage -->
      </class> <!-- test.TC_005CartFunctionalityTest -->
      <class name="test.TC_002LoginandLogoutTest">
        <test-method is-config="true" signature="setup()[pri:0, instance:test.TC_002LoginandLogoutTest@707194ba]" started-at="2025-04-01T19:22:37 IST" name="setup" finished-at="2025-04-01T19:22:37 IST" duration-ms="0" status="PASS">
          <reporter-output>
          </reporter-output>
        </test-method> <!-- setup -->
        <test-method is-config="true" signature="testDetails()[pri:0, instance:test.TC_002LoginandLogoutTest@707194ba]" started-at="2025-04-01T19:22:41 IST" name="testDetails" finished-at="2025-04-01T19:22:41 IST" duration-ms="1" status="PASS">
          <reporter-output>
          </reporter-output>
        </test-method> <!-- testDetails -->
        <test-method is-config="true" signature="launchingBrowserandLoadingURL(java.lang.String,java.lang.String)[pri:0, instance:test.TC_002LoginandLogoutTest@707194ba]" started-at="2025-04-01T19:22:41 IST" name="launchingBrowserandLoadingURL" finished-at="2025-04-01T19:22:43 IST" duration-ms="2136" status="PASS">
          <params>
            <param index="0">
              <value>
                <![CDATA[https://www.demoblaze.com/]]>
              </value>
            </param>
            <param index="1">
              <value>
                <![CDATA[Chrome]]>
              </value>
            </param>
          </params>
          <reporter-output>
          </reporter-output>
        </test-method> <!-- launchingBrowserandLoadingURL -->
        <test-method signature="loginandlogoutTest()[pri:0, instance:test.TC_002LoginandLogoutTest@707194ba]" started-at="2025-04-01T19:22:43 IST" name="loginandlogoutTest" finished-at="2025-04-01T19:22:51 IST" duration-ms="7645" status="PASS">
          <reporter-output>
          </reporter-output>
        </test-method> <!-- loginandlogoutTest -->
        <test-method is-config="true" signature="closeBrowser()[pri:0, instance:test.TC_002LoginandLogoutTest@707194ba]" started-at="2025-04-01T19:22:51 IST" name="closeBrowser" finished-at="2025-04-01T19:22:51 IST" duration-ms="218" status="PASS">
          <reporter-output>
          </reporter-output>
        </test-method> <!-- closeBrowser -->
      </class> <!-- test.TC_002LoginandLogoutTest -->
      <class name="test.TC_004ProductdetailsandAddtocartTest">
        <test-method is-config="true" signature="setup()[pri:0, instance:test.TC_004ProductdetailsandAddtocartTest@1190200a]" started-at="2025-04-01T19:22:37 IST" name="setup" finished-at="2025-04-01T19:22:37 IST" duration-ms="0" status="PASS">
          <reporter-output>
          </reporter-output>
        </test-method> <!-- setup -->
        <test-method is-config="true" signature="testDetails()[pri:0, instance:test.TC_004ProductdetailsandAddtocartTest@1190200a]" started-at="2025-04-01T19:22:51 IST" name="testDetails" finished-at="2025-04-01T19:22:51 IST" duration-ms="1" status="PASS">
          <reporter-output>
          </reporter-output>
        </test-method> <!-- testDetails -->
        <test-method is-config="true" signature="launchingBrowserandLoadingURL(java.lang.String,java.lang.String)[pri:0, instance:test.TC_004ProductdetailsandAddtocartTest@1190200a]" started-at="2025-04-01T19:22:51 IST" name="launchingBrowserandLoadingURL" finished-at="2025-04-01T19:22:54 IST" duration-ms="2567" status="PASS">
          <params>
            <param index="0">
              <value>
                <![CDATA[https://www.demoblaze.com/]]>
              </value>
            </param>
            <param index="1">
              <value>
                <![CDATA[Chrome]]>
              </value>
            </param>
          </params>
          <reporter-output>
          </reporter-output>
        </test-method> <!-- launchingBrowserandLoadingURL -->
        <test-method signature="ProductPage()[pri:0, instance:test.TC_004ProductdetailsandAddtocartTest@1190200a]" started-at="2025-04-01T19:22:54 IST" name="ProductPage" finished-at="2025-04-01T19:23:10 IST" duration-ms="16729" status="PASS">
          <reporter-output>
          </reporter-output>
        </test-method> <!-- ProductPage -->
        <test-method is-config="true" signature="closeBrowser()[pri:0, instance:test.TC_004ProductdetailsandAddtocartTest@1190200a]" started-at="2025-04-01T19:23:10 IST" name="closeBrowser" finished-at="2025-04-01T19:23:11 IST" duration-ms="212" status="PASS">
          <reporter-output>
          </reporter-output>
        </test-method> <!-- closeBrowser -->
      </class> <!-- test.TC_004ProductdetailsandAddtocartTest -->
    </test> <!-- Test -->
  </suite> <!-- Suite -->
</testng-results>
