<?xml version="1.0" encoding="UTF-8"?>
<testng-results ignored="0" total="2" passed="2" failed="0" skipped="0">
  <reporter-output>
  </reporter-output>
  <suite started-at="2025-03-24T13:39:49 IST" name="Suite" finished-at="2025-03-24T13:40:17 IST" duration-ms="27925">
    <groups>
    </groups>
    <test started-at="2025-03-24T13:39:49 IST" name="ChromeTest" finished-at="2025-03-24T13:39:49 IST" duration-ms="14">
    </test> <!-- ChromeTest -->
    <test started-at="2025-03-24T13:39:49 IST" name="Test" finished-at="2025-03-24T13:40:17 IST" duration-ms="27833">
      <class name="test.TC_002LoginTest">
        <test-method is-config="true" signature="reportIniatialization()[pri:0, instance:test.TC_002LoginTest@13b6aecc]" started-at="2025-03-24T13:39:49 IST" name="reportIniatialization" finished-at="2025-03-24T13:39:49 IST" duration-ms="439" status="PASS">
          <reporter-output>
          </reporter-output>
        </test-method> <!-- reportIniatialization -->
        <test-method is-config="true" signature="setup()[pri:0, instance:test.TC_002LoginTest@13b6aecc]" started-at="2025-03-24T13:39:49 IST" name="setup" finished-at="2025-03-24T13:39:49 IST" duration-ms="0" status="PASS">
          <reporter-output>
          </reporter-output>
        </test-method> <!-- setup -->
        <test-method is-config="true" signature="testDetails()[pri:0, instance:test.TC_002LoginTest@13b6aecc]" started-at="2025-03-24T13:39:49 IST" name="testDetails" finished-at="2025-03-24T13:39:49 IST" duration-ms="15" status="PASS">
          <reporter-output>
          </reporter-output>
        </test-method> <!-- testDetails -->
        <test-method is-config="true" signature="launchingBrowserandLoadingURL(java.lang.String,java.lang.String)[pri:0, instance:test.TC_002LoginTest@13b6aecc]" started-at="2025-03-24T13:39:51 IST" name="launchingBrowserandLoadingURL" finished-at="2025-03-24T13:39:56 IST" duration-ms="5782" status="PASS">
          <params>
            <param index="0">
              <value>
                <![CDATA[https://www.demoblaze.com/]]>
              </value>
            </param>
            <param index="1">
              <value>
                <![CDATA[Chrome]]>
              </value>
            </param>
          </params>
          <reporter-output>
          </reporter-output>
        </test-method> <!-- launchingBrowserandLoadingURL -->
        <test-method signature="loginTest(java.lang.String,java.lang.String,java.lang.String,java.lang.String)[pri:0, instance:test.TC_002LoginTest@13b6aecc]" started-at="2025-03-24T13:39:56 IST" name="loginTest" data-provider="readData" finished-at="2025-03-24T13:40:04 IST" duration-ms="7619" status="PASS">
          <params>
            <param index="0">
              <value>
                <![CDATA[ambika]]>
              </value>
            </param>
            <param index="1">
              <value>
                <![CDATA[ambika]]>
              </value>
            </param>
            <param index="2">
              <value>
                <![CDATA[ValidUsernameValidPassword]]>
              </value>
            </param>
            <param index="3">
              <value>
                <![CDATA[Welcome ambika]]>
              </value>
            </param>
          </params>
          <reporter-output>
          </reporter-output>
        </test-method> <!-- loginTest -->
        <test-method is-config="true" signature="launchingBrowserandLoadingURL(java.lang.String,java.lang.String)[pri:0, instance:test.TC_002LoginTest@13b6aecc]" started-at="2025-03-24T13:40:05 IST" name="launchingBrowserandLoadingURL" finished-at="2025-03-24T13:40:08 IST" duration-ms="3913" status="PASS">
          <params>
            <param index="0">
              <value>
                <![CDATA[https://www.demoblaze.com/]]>
              </value>
            </param>
            <param index="1">
              <value>
                <![CDATA[Chrome]]>
              </value>
            </param>
          </params>
          <reporter-output>
          </reporter-output>
        </test-method> <!-- launchingBrowserandLoadingURL -->
        <test-method signature="loginTest(java.lang.String,java.lang.String,java.lang.String,java.lang.String)[pri:0, instance:test.TC_002LoginTest@13b6aecc]" started-at="2025-03-24T13:40:08 IST" name="loginTest" data-provider="readData" finished-at="2025-03-24T13:40:16 IST" duration-ms="7989" status="PASS">
          <params>
            <param index="0">
              <value>
                <![CDATA[ambike]]>
              </value>
            </param>
            <param index="1">
              <value>
                <![CDATA[ambika]]>
              </value>
            </param>
            <param index="2">
              <value>
                <![CDATA[InValidUsernameValidPassword]]>
              </value>
            </param>
            <param index="3">
              <value>
                <![CDATA[User does not exist.]]>
              </value>
            </param>
          </params>
          <reporter-output>
          </reporter-output>
        </test-method> <!-- loginTest -->
        <test-method is-config="true" signature="closeBrowser()[pri:0, instance:test.TC_002LoginTest@13b6aecc]" started-at="2025-03-24T13:40:17 IST" name="closeBrowser" finished-at="2025-03-24T13:40:17 IST" duration-ms="232" status="PASS">
          <reporter-output>
          </reporter-output>
        </test-method> <!-- closeBrowser -->
        <test-method is-config="true" signature="reportClose()[pri:0, instance:test.TC_002LoginTest@13b6aecc]" started-at="2025-03-24T13:40:17 IST" name="reportClose" finished-at="2025-03-24T13:40:18 IST" duration-ms="900" status="PASS">
          <reporter-output>
          </reporter-output>
        </test-method> <!-- reportClose -->
      </class> <!-- test.TC_002LoginTest -->
    </test> <!-- Test -->
  </suite> <!-- Suite -->
</testng-results>
